2020-12-14 17:46:03 [scrapy.utils.log] INFO: Scrapy 2.3.0 started (bot: scrapyd)
2020-12-14 17:46:03 [scrapy.utils.log] INFO: Versions: lxml 4.5.2.0, libxml2 2.9.5, cssselect 1.1.0, parsel 1.6.0, w3lib 1.22.0, Twisted 20.3.0, Python 3.8.2 (tags/v3.8.2:7b3ab59, Feb 25 2020, 23:03:10) [MSC v.1916 64 bit (AMD64)], pyOpenSSL 19.1.0 (OpenSSL 1.1.1g  21 Apr 2020), cryptography 3.1, Platform Windows-10-10.0.18362-SP0
2020-12-14 17:46:03 [scrapy.crawler] INFO: Overridden settings:
{'BOT_NAME': 'scrapyd',
 'LOG_ENCODING': 'UTF-8',
 'LOG_FILE': 'spider.log',
 'LOG_LEVEL': 'INFO',
 'LOG_STDOUT': True,
 'NEWSPIDER_MODULE': 'scrapyd.spiders',
 'SPIDER_MODULES': ['scrapyd.spiders']}
2020-12-14 17:46:03 [scrapy.extensions.telnet] INFO: Telnet Password: f09b13727bd34875
2020-12-14 17:46:03 [scrapy.middleware] INFO: Enabled extensions:
['scrapy.extensions.corestats.CoreStats',
 'scrapy.extensions.telnet.TelnetConsole',
 'scrapy.extensions.logstats.LogStats']
2020-12-14 17:46:03 [scrapy.middleware] INFO: Enabled downloader middlewares:
['scrapy.downloadermiddlewares.httpauth.HttpAuthMiddleware',
 'scrapy.downloadermiddlewares.downloadtimeout.DownloadTimeoutMiddleware',
 'scrapy.downloadermiddlewares.defaultheaders.DefaultHeadersMiddleware',
 'scrapy.downloadermiddlewares.useragent.UserAgentMiddleware',
 'scrapy.downloadermiddlewares.retry.RetryMiddleware',
 'scrapy.downloadermiddlewares.redirect.MetaRefreshMiddleware',
 'scrapy.downloadermiddlewares.httpcompression.HttpCompressionMiddleware',
 'scrapy.downloadermiddlewares.redirect.RedirectMiddleware',
 'scrapy.downloadermiddlewares.cookies.CookiesMiddleware',
 'scrapy.downloadermiddlewares.httpproxy.HttpProxyMiddleware',
 'scrapy.downloadermiddlewares.stats.DownloaderStats']
2020-12-14 17:46:03 [scrapy.middleware] INFO: Enabled spider middlewares:
['scrapy.spidermiddlewares.httperror.HttpErrorMiddleware',
 'scrapy.spidermiddlewares.offsite.OffsiteMiddleware',
 'scrapy.spidermiddlewares.referer.RefererMiddleware',
 'scrapy.spidermiddlewares.urllength.UrlLengthMiddleware',
 'scrapy.spidermiddlewares.depth.DepthMiddleware']
2020-12-14 17:46:03 [scrapy.middleware] INFO: Enabled item pipelines:
[]
2020-12-14 17:46:03 [scrapy.core.engine] INFO: Spider opened
2020-12-14 17:46:03 [scrapy.extensions.logstats] INFO: Crawled 0 pages (at 0 pages/min), scraped 0 items (at 0 items/min)
2020-12-14 17:46:03 [scrapy.extensions.telnet] INFO: Telnet console listening on 127.0.0.1:6024
2020-12-14 17:46:04 [stdout] INFO: >>>>>>>>>>>>>>>>:<title>产业数据_统计数据_进出口数据_中国产业信息网</title>
2020-12-14 17:46:04 [scrapy.core.engine] INFO: Closing spider (finished)
2020-12-14 17:46:04 [scrapy.statscollectors] INFO: Dumping Scrapy stats:
{'downloader/request_bytes': 218,
 'downloader/request_count': 1,
 'downloader/request_method_count/GET': 1,
 'downloader/response_bytes': 22741,
 'downloader/response_count': 1,
 'downloader/response_status_count/200': 1,
 'elapsed_time_seconds': 0.290332,
 'finish_reason': 'finished',
 'finish_time': datetime.datetime(2020, 12, 14, 9, 46, 4, 285226),
 'log_count/INFO': 11,
 'response_received_count': 1,
 'scheduler/dequeued': 1,
 'scheduler/dequeued/memory': 1,
 'scheduler/enqueued': 1,
 'scheduler/enqueued/memory': 1,
 'start_time': datetime.datetime(2020, 12, 14, 9, 46, 3, 994894)}
2020-12-14 17:46:04 [scrapy.core.engine] INFO: Spider closed (finished)
